[2022-07-24 13:34:15] local.ERROR: syntax error, unexpected end of file {"exception":"[object] (Symfony\\Component\\Debug\\Exception\\FatalThrowableError(code: 0): syntax error, unexpected end of file at /opt/lampp/htdocs/laravel_5.8/routes/web.php:297)
[stacktrace]
#0 /opt/lampp/htdocs/laravel_5.8/vendor/laravel/framework/src/Illuminate/Routing/Router.php(415): Illuminate\\Routing\\RouteFileRegistrar->register()
#1 /opt/lampp/htdocs/laravel_5.8/vendor/laravel/framework/src/Illuminate/Routing/Router.php(373): Illuminate\\Routing\\Router->loadRoutes()
#2 /opt/lampp/htdocs/laravel_5.8/vendor/laravel/framework/src/Illuminate/Routing/RouteRegistrar.php(121): Illuminate\\Routing\\Router->group()
#3 /opt/lampp/htdocs/laravel_5.8/app/Providers/RouteServiceProvider.php(56): Illuminate\\Routing\\RouteRegistrar->group()
#4 /opt/lampp/htdocs/laravel_5.8/app/Providers/RouteServiceProvider.php(40): App\\Providers\\RouteServiceProvider->mapWebRoutes()
#5 [internal function]: App\\Providers\\RouteServiceProvider->map()
#6 /opt/lampp/htdocs/laravel_5.8/vendor/laravel/framework/src/Illuminate/Container/BoundMethod.php(32): call_user_func_array()
#7 /opt/lampp/htdocs/laravel_5.8/vendor/laravel/framework/src/Illuminate/Container/BoundMethod.php(90): Illuminate\\Container\\BoundMethod::Illuminate\\Container\\{closure}()
#8 /opt/lampp/htdocs/laravel_5.8/vendor/laravel/framework/src/Illuminate/Container/BoundMethod.php(34): Illuminate\\Container\\BoundMethod::callBoundMethod()
#9 /opt/lampp/htdocs/laravel_5.8/vendor/laravel/framework/src/Illuminate/Container/Container.php(576): Illuminate\\Container\\BoundMethod::call()
#10 /opt/lampp/htdocs/laravel_5.8/vendor/laravel/framework/src/Illuminate/Foundation/Support/Providers/RouteServiceProvider.php(87): Illuminate\\Container\\Container->call()
#11 /opt/lampp/htdocs/laravel_5.8/vendor/laravel/framework/src/Illuminate/Foundation/Support/Providers/RouteServiceProvider.php(36): Illuminate\\Foundation\\Support\\Providers\\RouteServiceProvider->loadRoutes()
#12 /opt/lampp/htdocs/laravel_5.8/app/Providers/RouteServiceProvider.php(28): Illuminate\\Foundation\\Support\\Providers\\RouteServiceProvider->boot()
#13 [internal function]: App\\Providers\\RouteServiceProvider->boot()
#14 /opt/lampp/htdocs/laravel_5.8/vendor/laravel/framework/src/Illuminate/Container/BoundMethod.php(32): call_user_func_array()
#15 /opt/lampp/htdocs/laravel_5.8/vendor/laravel/framework/src/Illuminate/Container/BoundMethod.php(90): Illuminate\\Container\\BoundMethod::Illuminate\\Container\\{closure}()
#16 /opt/lampp/htdocs/laravel_5.8/vendor/laravel/framework/src/Illuminate/Container/BoundMethod.php(34): Illuminate\\Container\\BoundMethod::callBoundMethod()
#17 /opt/lampp/htdocs/laravel_5.8/vendor/laravel/framework/src/Illuminate/Container/Container.php(576): Illuminate\\Container\\BoundMethod::call()
#18 /opt/lampp/htdocs/laravel_5.8/vendor/laravel/framework/src/Illuminate/Foundation/Application.php(827): Illuminate\\Container\\Container->call()
#19 /opt/lampp/htdocs/laravel_5.8/vendor/laravel/framework/src/Illuminate/Foundation/Application.php(810): Illuminate\\Foundation\\Application->bootProvider()
#20 [internal function]: Illuminate\\Foundation\\Application->Illuminate\\Foundation\\{closure}()
#21 /opt/lampp/htdocs/laravel_5.8/vendor/laravel/framework/src/Illuminate/Foundation/Application.php(811): array_walk()
#22 /opt/lampp/htdocs/laravel_5.8/vendor/laravel/framework/src/Illuminate/Foundation/Bootstrap/BootProviders.php(17): Illuminate\\Foundation\\Application->boot()
#23 /opt/lampp/htdocs/laravel_5.8/vendor/laravel/framework/src/Illuminate/Foundation/Application.php(210): Illuminate\\Foundation\\Bootstrap\\BootProviders->bootstrap()
#24 /opt/lampp/htdocs/laravel_5.8/vendor/laravel/framework/src/Illuminate/Foundation/Console/Kernel.php(322): Illuminate\\Foundation\\Application->bootstrapWith()
#25 /opt/lampp/htdocs/laravel_5.8/vendor/laravel/framework/src/Illuminate/Foundation/Console/Kernel.php(131): Illuminate\\Foundation\\Console\\Kernel->bootstrap()
#26 Command line code(1): Illuminate\\Foundation\\Console\\Kernel->handle()
#27 {main}
"} 
[2022-07-24 13:34:15] local.ERROR: syntax error, unexpected end of file {"exception":"[object] (Symfony\\Component\\Debug\\Exception\\FatalThrowableError(code: 0): syntax error, unexpected end of file at /opt/lampp/htdocs/laravel_5.8/routes/web.php:297)
[stacktrace]
#0 /opt/lampp/htdocs/laravel_5.8/vendor/laravel/framework/src/Illuminate/Routing/Router.php(415): Illuminate\\Routing\\RouteFileRegistrar->register()
#1 /opt/lampp/htdocs/laravel_5.8/vendor/laravel/framework/src/Illuminate/Routing/Router.php(373): Illuminate\\Routing\\Router->loadRoutes()
#2 /opt/lampp/htdocs/laravel_5.8/vendor/laravel/framework/src/Illuminate/Routing/RouteRegistrar.php(121): Illuminate\\Routing\\Router->group()
#3 /opt/lampp/htdocs/laravel_5.8/app/Providers/RouteServiceProvider.php(56): Illuminate\\Routing\\RouteRegistrar->group()
#4 /opt/lampp/htdocs/laravel_5.8/app/Providers/RouteServiceProvider.php(40): App\\Providers\\RouteServiceProvider->mapWebRoutes()
#5 [internal function]: App\\Providers\\RouteServiceProvider->map()
#6 /opt/lampp/htdocs/laravel_5.8/vendor/laravel/framework/src/Illuminate/Container/BoundMethod.php(32): call_user_func_array()
#7 /opt/lampp/htdocs/laravel_5.8/vendor/laravel/framework/src/Illuminate/Container/BoundMethod.php(90): Illuminate\\Container\\BoundMethod::Illuminate\\Container\\{closure}()
#8 /opt/lampp/htdocs/laravel_5.8/vendor/laravel/framework/src/Illuminate/Container/BoundMethod.php(34): Illuminate\\Container\\BoundMethod::callBoundMethod()
#9 /opt/lampp/htdocs/laravel_5.8/vendor/laravel/framework/src/Illuminate/Container/Container.php(576): Illuminate\\Container\\BoundMethod::call()
#10 /opt/lampp/htdocs/laravel_5.8/vendor/laravel/framework/src/Illuminate/Foundation/Support/Providers/RouteServiceProvider.php(87): Illuminate\\Container\\Container->call()
#11 /opt/lampp/htdocs/laravel_5.8/vendor/laravel/framework/src/Illuminate/Foundation/Support/Providers/RouteServiceProvider.php(36): Illuminate\\Foundation\\Support\\Providers\\RouteServiceProvider->loadRoutes()
#12 /opt/lampp/htdocs/laravel_5.8/app/Providers/RouteServiceProvider.php(28): Illuminate\\Foundation\\Support\\Providers\\RouteServiceProvider->boot()
#13 [internal function]: App\\Providers\\RouteServiceProvider->boot()
#14 /opt/lampp/htdocs/laravel_5.8/vendor/laravel/framework/src/Illuminate/Container/BoundMethod.php(32): call_user_func_array()
#15 /opt/lampp/htdocs/laravel_5.8/vendor/laravel/framework/src/Illuminate/Container/BoundMethod.php(90): Illuminate\\Container\\BoundMethod::Illuminate\\Container\\{closure}()
#16 /opt/lampp/htdocs/laravel_5.8/vendor/laravel/framework/src/Illuminate/Container/BoundMethod.php(34): Illuminate\\Container\\BoundMethod::callBoundMethod()
#17 /opt/lampp/htdocs/laravel_5.8/vendor/laravel/framework/src/Illuminate/Container/Container.php(576): Illuminate\\Container\\BoundMethod::call()
#18 /opt/lampp/htdocs/laravel_5.8/vendor/laravel/framework/src/Illuminate/Foundation/Application.php(827): Illuminate\\Container\\Container->call()
#19 /opt/lampp/htdocs/laravel_5.8/vendor/laravel/framework/src/Illuminate/Foundation/Application.php(810): Illuminate\\Foundation\\Application->bootProvider()
#20 [internal function]: Illuminate\\Foundation\\Application->Illuminate\\Foundation\\{closure}()
#21 /opt/lampp/htdocs/laravel_5.8/vendor/laravel/framework/src/Illuminate/Foundation/Application.php(811): array_walk()
#22 /opt/lampp/htdocs/laravel_5.8/vendor/laravel/framework/src/Illuminate/Foundation/Bootstrap/BootProviders.php(17): Illuminate\\Foundation\\Application->boot()
#23 /opt/lampp/htdocs/laravel_5.8/vendor/laravel/framework/src/Illuminate/Foundation/Application.php(210): Illuminate\\Foundation\\Bootstrap\\BootProviders->bootstrap()
#24 /opt/lampp/htdocs/laravel_5.8/vendor/laravel/framework/src/Illuminate/Foundation/Console/Kernel.php(322): Illuminate\\Foundation\\Application->bootstrapWith()
#25 /opt/lampp/htdocs/laravel_5.8/vendor/laravel/framework/src/Illuminate/Foundation/Console/Kernel.php(131): Illuminate\\Foundation\\Console\\Kernel->bootstrap()
#26 Command line code(1): Illuminate\\Foundation\\Console\\Kernel->handle()
#27 {main}
"} 
[2022-07-24 14:37:10] local.ERROR: SQLSTATE[42S22]: Column not found: 1054 Unknown column '0' in 'field list' (SQL: update `users` set `0` = name, `1` = test where `id` = 85) {"exception":"[object] (Illuminate\\Database\\QueryException(code: 42S22): SQLSTATE[42S22]: Column not found: 1054 Unknown column '0' in 'field list' (SQL: update `users` set `0` = name, `1` = test where `id` = 85) at /opt/lampp/htdocs/laravel_5.8/vendor/laravel/framework/src/Illuminate/Database/Connection.php:664, Doctrine\\DBAL\\Driver\\PDO\\Exception(code: 42S22): SQLSTATE[42S22]: Column not found: 1054 Unknown column '0' in 'field list' at /opt/lampp/htdocs/laravel_5.8/vendor/doctrine/dbal/lib/Doctrine/DBAL/Driver/PDO/Exception.php:18, PDOException(code: 42S22): SQLSTATE[42S22]: Column not found: 1054 Unknown column '0' in 'field list' at /opt/lampp/htdocs/laravel_5.8/vendor/doctrine/dbal/lib/Doctrine/DBAL/Driver/PDOConnection.php:82)
[stacktrace]
#0 /opt/lampp/htdocs/laravel_5.8/vendor/laravel/framework/src/Illuminate/Database/Connection.php(624): Illuminate\\Database\\Connection->runQueryCallback()
#1 /opt/lampp/htdocs/laravel_5.8/vendor/laravel/framework/src/Illuminate/Database/Connection.php(490): Illuminate\\Database\\Connection->run()
#2 /opt/lampp/htdocs/laravel_5.8/vendor/laravel/framework/src/Illuminate/Database/Connection.php(423): Illuminate\\Database\\Connection->affectingStatement()
#3 /opt/lampp/htdocs/laravel_5.8/vendor/laravel/framework/src/Illuminate/Database/Query/Builder.php(2721): Illuminate\\Database\\Connection->update()
#4 /opt/lampp/htdocs/laravel_5.8/app/Http/Controllers/HomeController.php(48): Illuminate\\Database\\Query\\Builder->update()
#5 /opt/lampp/htdocs/laravel_5.8/vendor/laravel/framework/src/Illuminate/Database/Concerns/ManagesTransactions.php(29): App\\Http\\Controllers\\HomeController->App\\Http\\Controllers\\{closure}()
#6 /opt/lampp/htdocs/laravel_5.8/vendor/laravel/framework/src/Illuminate/Database/DatabaseManager.php(349): Illuminate\\Database\\Connection->transaction()
#7 /opt/lampp/htdocs/laravel_5.8/vendor/laravel/framework/src/Illuminate/Support/Facades/Facade.php(239): Illuminate\\Database\\DatabaseManager->__call()
#8 /opt/lampp/htdocs/laravel_5.8/app/Http/Controllers/HomeController.php(50): Illuminate\\Support\\Facades\\Facade::__callStatic()
#9 [internal function]: App\\Http\\Controllers\\HomeController->index()
#10 /opt/lampp/htdocs/laravel_5.8/vendor/laravel/framework/src/Illuminate/Routing/Controller.php(54): call_user_func_array()
#11 /opt/lampp/htdocs/laravel_5.8/vendor/laravel/framework/src/Illuminate/Routing/ControllerDispatcher.php(45): Illuminate\\Routing\\Controller->callAction()
#12 /opt/lampp/htdocs/laravel_5.8/vendor/laravel/framework/src/Illuminate/Routing/Route.php(219): Illuminate\\Routing\\ControllerDispatcher->dispatch()
#13 /opt/lampp/htdocs/laravel_5.8/vendor/laravel/framework/src/Illuminate/Routing/Route.php(176): Illuminate\\Routing\\Route->runController()
#14 /opt/lampp/htdocs/laravel_5.8/vendor/laravel/framework/src/Illuminate/Routing/Router.php(680): Illuminate\\Routing\\Route->run()
#15 /opt/lampp/htdocs/laravel_5.8/vendor/laravel/framework/src/Illuminate/Routing/Pipeline.php(30): Illuminate\\Routing\\Router->Illuminate\\Routing\\{closure}()
#16 /opt/lampp/htdocs/laravel_5.8/vendor/laravel/framework/src/Illuminate/Routing/Middleware/SubstituteBindings.php(41): Illuminate\\Routing\\Pipeline->Illuminate\\Routing\\{closure}()
#17 /opt/lampp/htdocs/laravel_5.8/vendor/laravel/framework/src/Illuminate/Pipeline/Pipeline.php(163): Illuminate\\Routing\\Middleware\\SubstituteBindings->handle()
#18 /opt/lampp/htdocs/laravel_5.8/vendor/laravel/framework/src/Illuminate/Routing/Pipeline.php(53): Illuminate\\Pipeline\\Pipeline->Illuminate\\Pipeline\\{closure}()
#19 /opt/lampp/htdocs/laravel_5.8/vendor/laravel/framework/src/Illuminate/Foundation/Http/Middleware/VerifyCsrfToken.php(75): Illuminate\\Routing\\Pipeline->Illuminate\\Routing\\{closure}()
#20 /opt/lampp/htdocs/laravel_5.8/vendor/laravel/framework/src/Illuminate/Pipeline/Pipeline.php(163): Illuminate\\Foundation\\Http\\Middleware\\VerifyCsrfToken->handle()
#21 /opt/lampp/htdocs/laravel_5.8/vendor/laravel/framework/src/Illuminate/Routing/Pipeline.php(53): Illuminate\\Pipeline\\Pipeline->Illuminate\\Pipeline\\{closure}()
#22 /opt/lampp/htdocs/laravel_5.8/vendor/laravel/framework/src/Illuminate/View/Middleware/ShareErrorsFromSession.php(49): Illuminate\\Routing\\Pipeline->Illuminate\\Routing\\{closure}()
#23 /opt/lampp/htdocs/laravel_5.8/vendor/laravel/framework/src/Illuminate/Pipeline/Pipeline.php(163): Illuminate\\View\\Middleware\\ShareErrorsFromSession->handle()
#24 /opt/lampp/htdocs/laravel_5.8/vendor/laravel/framework/src/Illuminate/Routing/Pipeline.php(53): Illuminate\\Pipeline\\Pipeline->Illuminate\\Pipeline\\{closure}()
#25 /opt/lampp/htdocs/laravel_5.8/vendor/laravel/framework/src/Illuminate/Session/Middleware/StartSession.php(56): Illuminate\\Routing\\Pipeline->Illuminate\\Routing\\{closure}()
#26 /opt/lampp/htdocs/laravel_5.8/vendor/laravel/framework/src/Illuminate/Pipeline/Pipeline.php(163): Illuminate\\Session\\Middleware\\StartSession->handle()
#27 /opt/lampp/htdocs/laravel_5.8/vendor/laravel/framework/src/Illuminate/Routing/Pipeline.php(53): Illuminate\\Pipeline\\Pipeline->Illuminate\\Pipeline\\{closure}()
#28 /opt/lampp/htdocs/laravel_5.8/vendor/laravel/framework/src/Illuminate/Cookie/Middleware/AddQueuedCookiesToResponse.php(37): Illuminate\\Routing\\Pipeline->Illuminate\\Routing\\{closure}()
#29 /opt/lampp/htdocs/laravel_5.8/vendor/laravel/framework/src/Illuminate/Pipeline/Pipeline.php(163): Illuminate\\Cookie\\Middleware\\AddQueuedCookiesToResponse->handle()
#30 /opt/lampp/htdocs/laravel_5.8/vendor/laravel/framework/src/Illuminate/Routing/Pipeline.php(53): Illuminate\\Pipeline\\Pipeline->Illuminate\\Pipeline\\{closure}()
#31 /opt/lampp/htdocs/laravel_5.8/vendor/laravel/framework/src/Illuminate/Cookie/Middleware/EncryptCookies.php(66): Illuminate\\Routing\\Pipeline->Illuminate\\Routing\\{closure}()
#32 /opt/lampp/htdocs/laravel_5.8/vendor/laravel/framework/src/Illuminate/Pipeline/Pipeline.php(163): Illuminate\\Cookie\\Middleware\\EncryptCookies->handle()
#33 /opt/lampp/htdocs/laravel_5.8/vendor/laravel/framework/src/Illuminate/Routing/Pipeline.php(53): Illuminate\\Pipeline\\Pipeline->Illuminate\\Pipeline\\{closure}()
#34 /opt/lampp/htdocs/laravel_5.8/vendor/laravel/framework/src/Illuminate/Pipeline/Pipeline.php(104): Illuminate\\Routing\\Pipeline->Illuminate\\Routing\\{closure}()
#35 /opt/lampp/htdocs/laravel_5.8/vendor/laravel/framework/src/Illuminate/Routing/Router.php(682): Illuminate\\Pipeline\\Pipeline->then()
#36 /opt/lampp/htdocs/laravel_5.8/vendor/laravel/framework/src/Illuminate/Routing/Router.php(657): Illuminate\\Routing\\Router->runRouteWithinStack()
#37 /opt/lampp/htdocs/laravel_5.8/vendor/laravel/framework/src/Illuminate/Routing/Router.php(623): Illuminate\\Routing\\Router->runRoute()
#38 /opt/lampp/htdocs/laravel_5.8/vendor/laravel/framework/src/Illuminate/Routing/Router.php(612): Illuminate\\Routing\\Router->dispatchToRoute()
#39 /opt/lampp/htdocs/laravel_5.8/vendor/laravel/framework/src/Illuminate/Foundation/Http/Kernel.php(176): Illuminate\\Routing\\Router->dispatch()
#40 /opt/lampp/htdocs/laravel_5.8/vendor/laravel/framework/src/Illuminate/Routing/Pipeline.php(30): Illuminate\\Foundation\\Http\\Kernel->Illuminate\\Foundation\\Http\\{closure}()
#41 /opt/lampp/htdocs/laravel_5.8/vendor/laravel/framework/src/Illuminate/Foundation/Http/Middleware/TransformsRequest.php(21): Illuminate\\Routing\\Pipeline->Illuminate\\Routing\\{closure}()
#42 /opt/lampp/htdocs/laravel_5.8/vendor/laravel/framework/src/Illuminate/Pipeline/Pipeline.php(163): Illuminate\\Foundation\\Http\\Middleware\\TransformsRequest->handle()
#43 /opt/lampp/htdocs/laravel_5.8/vendor/laravel/framework/src/Illuminate/Routing/Pipeline.php(53): Illuminate\\Pipeline\\Pipeline->Illuminate\\Pipeline\\{closure}()
#44 /opt/lampp/htdocs/laravel_5.8/vendor/laravel/framework/src/Illuminate/Foundation/Http/Middleware/TransformsRequest.php(21): Illuminate\\Routing\\Pipeline->Illuminate\\Routing\\{closure}()
#45 /opt/lampp/htdocs/laravel_5.8/vendor/laravel/framework/src/Illuminate/Pipeline/Pipeline.php(163): Illuminate\\Foundation\\Http\\Middleware\\TransformsRequest->handle()
#46 /opt/lampp/htdocs/laravel_5.8/vendor/laravel/framework/src/Illuminate/Routing/Pipeline.php(53): Illuminate\\Pipeline\\Pipeline->Illuminate\\Pipeline\\{closure}()
#47 /opt/lampp/htdocs/laravel_5.8/vendor/laravel/framework/src/Illuminate/Foundation/Http/Middleware/ValidatePostSize.php(27): Illuminate\\Routing\\Pipeline->Illuminate\\Routing\\{closure}()
#48 /opt/lampp/htdocs/laravel_5.8/vendor/laravel/framework/src/Illuminate/Pipeline/Pipeline.php(163): Illuminate\\Foundation\\Http\\Middleware\\ValidatePostSize->handle()
#49 /opt/lampp/htdocs/laravel_5.8/vendor/laravel/framework/src/Illuminate/Routing/Pipeline.php(53): Illuminate\\Pipeline\\Pipeline->Illuminate\\Pipeline\\{closure}()
#50 /opt/lampp/htdocs/laravel_5.8/vendor/laravel/framework/src/Illuminate/Foundation/Http/Middleware/CheckForMaintenanceMode.php(62): Illuminate\\Routing\\Pipeline->Illuminate\\Routing\\{closure}()
#51 /opt/lampp/htdocs/laravel_5.8/vendor/laravel/framework/src/Illuminate/Pipeline/Pipeline.php(163): Illuminate\\Foundation\\Http\\Middleware\\CheckForMaintenanceMode->handle()
#52 /opt/lampp/htdocs/laravel_5.8/vendor/laravel/framework/src/Illuminate/Routing/Pipeline.php(53): Illuminate\\Pipeline\\Pipeline->Illuminate\\Pipeline\\{closure}()
#53 /opt/lampp/htdocs/laravel_5.8/vendor/fideloper/proxy/src/TrustProxies.php(57): Illuminate\\Routing\\Pipeline->Illuminate\\Routing\\{closure}()
#54 /opt/lampp/htdocs/laravel_5.8/vendor/laravel/framework/src/Illuminate/Pipeline/Pipeline.php(163): Fideloper\\Proxy\\TrustProxies->handle()
#55 /opt/lampp/htdocs/laravel_5.8/vendor/laravel/framework/src/Illuminate/Routing/Pipeline.php(53): Illuminate\\Pipeline\\Pipeline->Illuminate\\Pipeline\\{closure}()
#56 /opt/lampp/htdocs/laravel_5.8/vendor/laravel/framework/src/Illuminate/Pipeline/Pipeline.php(104): Illuminate\\Routing\\Pipeline->Illuminate\\Routing\\{closure}()
#57 /opt/lampp/htdocs/laravel_5.8/vendor/laravel/framework/src/Illuminate/Foundation/Http/Kernel.php(151): Illuminate\\Pipeline\\Pipeline->then()
#58 /opt/lampp/htdocs/laravel_5.8/vendor/laravel/framework/src/Illuminate/Foundation/Http/Kernel.php(116): Illuminate\\Foundation\\Http\\Kernel->sendRequestThroughRouter()
#59 /opt/lampp/htdocs/laravel_5.8/public/index.php(55): Illuminate\\Foundation\\Http\\Kernel->handle()
#60 /opt/lampp/htdocs/laravel_5.8/server.php(21): require_once('/opt/lampp/htdo...')
#61 {main}
"} 
[2022-07-24 15:42:23] local.ERROR: Command "make:" is ambiguous.
Did you mean one of these?
    make:auth         Scaffold basic login and registration views and routes
    make:channel      Create a new channel class
    make:command      Create a new Artisan command
    make:controller   Create a new controller class
    make:event        Create a new event class
    make:exception    Create a new custom exception class
    make:factory      Create a new model factory
    make:job          Create a new job class
    make:listener     Create a new event listener class
    make:mail         Create a new email class
    make:middleware   Create a new middleware class
    make:migration    Create a new migration file
    make:model        Create a new Eloquent model class
    make:notification Create a new notification class
    make:observer     Create a new observer class
    make:policy       Create a new policy class
    make:provider     Create a new service provider class
    make:request      Create a new form request class
    make:resource     Create a new resource
    make:rule         Create a new validation rule
    make:seeder       Create a new seeder class
    make:test         Create a new test class. {"exception":"[object] (Symfony\\Component\\Console\\Exception\\CommandNotFoundException(code: 0): Command \"make:\" is ambiguous.
Did you mean one of these?
    make:auth         Scaffold basic login and registration views and routes
    make:channel      Create a new channel class
    make:command      Create a new Artisan command
    make:controller   Create a new controller class
    make:event        Create a new event class
    make:exception    Create a new custom exception class
    make:factory      Create a new model factory
    make:job          Create a new job class
    make:listener     Create a new event listener class
    make:mail         Create a new email class
    make:middleware   Create a new middleware class
    make:migration    Create a new migration file
    make:model        Create a new Eloquent model class
    make:notification Create a new notification class
    make:observer     Create a new observer class
    make:policy       Create a new policy class
    make:provider     Create a new service provider class
    make:request      Create a new form request class
    make:resource     Create a new resource
    make:rule         Create a new validation rule
    make:seeder       Create a new seeder class
    make:test         Create a new test class. at /opt/lampp/htdocs/laravel_5.8/vendor/symfony/console/Application.php:717)
[stacktrace]
#0 /opt/lampp/htdocs/laravel_5.8/vendor/symfony/console/Application.php(237): Symfony\\Component\\Console\\Application->find()
#1 /opt/lampp/htdocs/laravel_5.8/vendor/symfony/console/Application.php(149): Symfony\\Component\\Console\\Application->doRun()
#2 /opt/lampp/htdocs/laravel_5.8/vendor/laravel/framework/src/Illuminate/Console/Application.php(90): Symfony\\Component\\Console\\Application->run()
#3 /opt/lampp/htdocs/laravel_5.8/vendor/laravel/framework/src/Illuminate/Foundation/Console/Kernel.php(133): Illuminate\\Console\\Application->run()
#4 /opt/lampp/htdocs/laravel_5.8/artisan(37): Illuminate\\Foundation\\Console\\Kernel->handle()
#5 {main}
"} 
[2022-07-24 15:42:34] local.ERROR: Not enough arguments (missing: "name"). {"exception":"[object] (Symfony\\Component\\Console\\Exception\\RuntimeException(code: 0): Not enough arguments (missing: \"name\"). at /opt/lampp/htdocs/laravel_5.8/vendor/symfony/console/Input/Input.php:76)
[stacktrace]
#0 /opt/lampp/htdocs/laravel_5.8/vendor/symfony/console/Command/Command.php(250): Symfony\\Component\\Console\\Input\\Input->validate()
#1 /opt/lampp/htdocs/laravel_5.8/vendor/laravel/framework/src/Illuminate/Console/Command.php(170): Symfony\\Component\\Console\\Command\\Command->run()
#2 /opt/lampp/htdocs/laravel_5.8/vendor/symfony/console/Application.php(1009): Illuminate\\Console\\Command->run()
#3 /opt/lampp/htdocs/laravel_5.8/vendor/symfony/console/Application.php(273): Symfony\\Component\\Console\\Application->doRunCommand()
#4 /opt/lampp/htdocs/laravel_5.8/vendor/symfony/console/Application.php(149): Symfony\\Component\\Console\\Application->doRun()
#5 /opt/lampp/htdocs/laravel_5.8/vendor/laravel/framework/src/Illuminate/Console/Application.php(90): Symfony\\Component\\Console\\Application->run()
#6 /opt/lampp/htdocs/laravel_5.8/vendor/laravel/framework/src/Illuminate/Foundation/Console/Kernel.php(133): Illuminate\\Console\\Application->run()
#7 /opt/lampp/htdocs/laravel_5.8/artisan(37): Illuminate\\Foundation\\Console\\Kernel->handle()
#8 {main}
"} 
